[debug] [2021-07-20T15:29:10.002Z] ----------------------------------------------------------------------
[debug] [2021-07-20T15:29:10.005Z] Command:       C:\Program Files\nodejs\node.exe C:\Users\hp\AppData\Roaming\npm\node_modules\firebase-tools\lib\bin\firebase.js init
[debug] [2021-07-20T15:29:10.006Z] CLI Version:   9.16.0
[debug] [2021-07-20T15:29:10.006Z] Platform:      win32
[debug] [2021-07-20T15:29:10.006Z] Node Version:  v14.15.1
[debug] [2021-07-20T15:29:10.007Z] Time:          Tue Jul 20 2021 20:59:10 GMT+0530 (India Standard Time)
[debug] [2021-07-20T15:29:10.008Z] ----------------------------------------------------------------------
[debug] 
[debug] [2021-07-20T15:29:10.015Z] >>> [apiv2][query] GET https://firebase-public.firebaseio.com/cli.json [none]
[debug] [2021-07-20T15:29:10.037Z] > command requires scopes: ["email","openid","https://www.googleapis.com/auth/cloudplatformprojects.readonly","https://www.googleapis.com/auth/firebase","https://www.googleapis.com/auth/cloud-platform"]
[debug] [2021-07-20T15:29:10.037Z] > authorizing via signed-in user (samughodake1808@gmail.com)
[info] 
     ######## #### ########  ######## ########     ###     ######  ########
     ##        ##  ##     ## ##       ##     ##  ##   ##  ##       ##
     ######    ##  ########  ######   ########  #########  ######  ######
     ##        ##  ##    ##  ##       ##     ## ##     ##       ## ##
     ##       #### ##     ## ######## ########  ##     ##  ######  ########

You're about to initialize a Firebase project in this directory:

  C:\Users\hp\Documents\personal projects\Sample websites\website-2

[debug] [2021-07-20T15:29:12.004Z] <<< [apiv2][status] GET https://firebase-public.firebaseio.com/cli.json 200
[debug] [2021-07-20T15:29:12.004Z] <<< [apiv2][body] GET https://firebase-public.firebaseio.com/cli.json {"cloudBuildErrorAfter":1594252800000,"cloudBuildWarnAfter":1590019200000,"defaultNode10After":1594252800000,"minVersion":"3.0.5","node8DeploysDisabledAfter":1613390400000,"node8RuntimeDisabledAfter":1615809600000,"node8WarnAfter":1600128000000}
[info] 
=== Project Setup
[info] 
[info] First, let's associate this project directory with a Firebase project.
[info] You can create multiple project aliases by running firebase use --add, 
[info] but for now we'll just set up a default project.
[info] 
[debug] [2021-07-20T15:29:53.379Z] > refreshing access token with scopes: []
[debug] [2021-07-20T15:29:53.381Z] >>> HTTP REQUEST POST https://www.googleapis.com/oauth2/v3/token  
 <request body omitted>
[debug] [2021-07-20T15:29:54.584Z] <<< HTTP RESPONSE 200 {"date":"Tue, 20 Jul 2021 15:29:54 GMT","pragma":"no-cache","cache-control":"no-cache, no-store, max-age=0, must-revalidate","expires":"Mon, 01 Jan 1990 00:00:00 GMT","content-type":"application/json; charset=utf-8","vary":"X-Origin, Referer, Origin,Accept-Encoding","server":"scaffolding on HTTPServer2","x-xss-protection":"0","x-frame-options":"SAMEORIGIN","x-content-type-options":"nosniff","alt-svc":"h3=\":443\"; ma=2592000,h3-29=\":443\"; ma=2592000,h3-T051=\":443\"; ma=2592000,h3-Q050=\":443\"; ma=2592000,h3-Q046=\":443\"; ma=2592000,h3-Q043=\":443\"; ma=2592000,quic=\":443\"; ma=2592000; v=\"46,43\"","accept-ranges":"none","transfer-encoding":"chunked"}
[debug] [2021-07-20T15:29:54.763Z] >>> [apiv2][query] GET https://firebase.googleapis.com/v1beta1/projects pageSize=100
[debug] [2021-07-20T15:29:55.834Z] <<< [apiv2][status] GET https://firebase.googleapis.com/v1beta1/projects 200
[debug] [2021-07-20T15:29:55.835Z] <<< [apiv2][body] GET https://firebase.googleapis.com/v1beta1/projects [omitted]
[info] i  Using project website-1-68d9f (Website-1) 
[info] 
=== Hosting:github Setup
[info] 
[info] i  Didn't detect a .git folder. Assuming C:\Users\hp\Documents\personal projects\Sample websites\website-2 is the project root. 
[info] i  Authorizing with GitHub to upload your service account to a GitHub repository's secrets store. 
[info] 
[info] Visit this URL on this device to log in:
[info] https://github.com/login/oauth/authorize?client_id=89cf50f02ac6aaed3484&state=980343848&redirect_uri=http%3A%2F%2Flocalhost%3A9005&scope=read%3Auser%20repo%20public_repo
[info] 
[info] Waiting for authentication...
[debug] [2021-07-20T15:30:08.332Z] >>> HTTP REQUEST POST https://github.com/login/oauth/access_token  
 {"client_id":"89cf50f02ac6aaed3484","client_secret":"3330d14abc895d9a74d5f17cd7a00711fa2c5bf0","code":"7a0e7d06c6dc5b016ca3","redirect_uri":"http://localhost:9005","state":"980343848"}
[debug] [2021-07-20T15:30:09.141Z] <<< HTTP RESPONSE 200 {"server":"GitHub.com","date":"Tue, 20 Jul 2021 15:30:09 GMT","content-type":"application/json; charset=utf-8","transfer-encoding":"chunked","vary":"X-PJAX, Accept-Encoding, Accept, X-Requested-With","permissions-policy":"interest-cohort=()","etag":"W/\"ae3e0ccb8e8ccc4c560af17898fa15eb\"","cache-control":"max-age=0, private, must-revalidate","strict-transport-security":"max-age=31536000; includeSubdomains; preload","x-frame-options":"deny","x-content-type-options":"nosniff","x-xss-protection":"0","referrer-policy":"origin-when-cross-origin, strict-origin-when-cross-origin","expect-ct":"max-age=2592000, report-uri=\"https://api.github.com/_private/browser/errors\"","content-security-policy":"default-src 'none'; base-uri 'self'; block-all-mixed-content; connect-src 'self' uploads.github.com www.githubstatus.com collector.githubapp.com api.github.com github-cloud.s3.amazonaws.com github-production-repository-file-5c1aeb.s3.amazonaws.com github-production-upload-manifest-file-7fdce7.s3.amazonaws.com github-production-user-asset-6210df.s3.amazonaws.com cdn.optimizely.com logx.optimizely.com/v1/events translator.github.com wss://alive.github.com; font-src github.githubassets.com; form-action 'self' github.com gist.github.com; frame-ancestors 'none'; frame-src render.githubusercontent.com render-temp.githubusercontent.com viewscreen.githubusercontent.com; img-src 'self' data: github.githubassets.com identicons.github.com collector.githubapp.com github-cloud.s3.amazonaws.com secured-user-images.githubusercontent.com/ *.githubusercontent.com; manifest-src 'self'; media-src 'none'; script-src github.githubassets.com; style-src 'unsafe-inline' github.githubassets.com; worker-src github.com/socket-worker-3f088aa2.js gist.github.com/socket-worker-3f088aa2.js","x-github-request-id":"CEEE:7E41:AD1E:CC75:60F6EC00"}
[debug] [2021-07-20T15:30:09.620Z] >>> [apiv2][query] GET https://api.github.com/user [none]
[debug] [2021-07-20T15:30:10.314Z] <<< [apiv2][status] GET https://api.github.com/user 200
[debug] [2021-07-20T15:30:10.314Z] <<< [apiv2][body] GET https://api.github.com/user {"login":"samughodake","id":72791227,"node_id":"MDQ6VXNlcjcyNzkxMjI3","avatar_url":"https://avatars.githubusercontent.com/u/72791227?v=4","gravatar_id":"","url":"https://api.github.com/users/samughodake","html_url":"https://github.com/samughodake","followers_url":"https://api.github.com/users/samughodake/followers","following_url":"https://api.github.com/users/samughodake/following{/other_user}","gists_url":"https://api.github.com/users/samughodake/gists{/gist_id}","starred_url":"https://api.github.com/users/samughodake/starred{/owner}{/repo}","subscriptions_url":"https://api.github.com/users/samughodake/subscriptions","organizations_url":"https://api.github.com/users/samughodake/orgs","repos_url":"https://api.github.com/users/samughodake/repos","events_url":"https://api.github.com/users/samughodake/events{/privacy}","received_events_url":"https://api.github.com/users/samughodake/received_events","type":"User","site_admin":false,"name":"Samruddhi Ghodake","company":null,"blog":"","location":null,"email":null,"hireable":null,"bio":null,"twitter_username":null,"public_repos":13,"public_gists":0,"followers":4,"following":6,"created_at":"2020-10-13T08:37:46Z","updated_at":"2021-07-16T10:58:37Z","private_gists":0,"total_private_repos":1,"owned_private_repos":1,"disk_usage":7251,"collaborators":0,"two_factor_authentication":false,"plan":{"name":"free","space":976562499,"collaborators":0,"private_repos":10000}}
[info] 
[info] +  Success! Logged into GitHub as samughodake 
[info] 
